<?xml version="1.0" encoding="UTF-8"?>
<testsuite name="com.example.likelion.BeanTest" tests="1" skipped="0" failures="0" errors="0" timestamp="2024-05-04T07:46:31" hostname="jjyu-4.local" time="0.45">
  <properties/>
  <testcase name="configTest()" classname="com.example.likelion.BeanTest" time="0.45"/>
  <system-out><![CDATA[16:46:30.830 [Test worker] INFO org.springframework.test.context.support.AnnotationConfigContextLoaderUtils -- Could not detect default configuration classes for test class [com.example.likelion.BeanTest]: BeanTest does not declare any static, non-private, non-final, nested classes annotated with @Configuration.
16:46:30.906 [Test worker] INFO org.springframework.boot.test.context.SpringBootTestContextBootstrapper -- Found @SpringBootConfiguration com.example.likelion.LikelionApplication for test class com.example.likelion.BeanTest

  .   ____          _            __ _ _
 /\\ / ___'_ __ _ _(_)_ __  __ _ \ \ \ \
( ( )\___ | '_ | '_| | '_ \/ _` | \ \ \ \
 \\/  ___)| |_)| | | | | || (_| |  ) ) ) )
  '  |____| .__|_| |_|_| |_\__, | / / / /
 =========|_|==============|___/=/_/_/_/
 :: Spring Boot ::                (v3.2.5)

2024-05-04T16:46:31.179+09:00  INFO 7137 --- [likelion] [    Test worker] com.example.likelion.BeanTest            : Starting BeanTest using Java 17.0.10 with PID 7137 (started by juju in /Users/juju/GitHub/Lion/likelion-BE-weekly)
2024-05-04T16:46:31.180+09:00  INFO 7137 --- [likelion] [    Test worker] com.example.likelion.BeanTest            : No active profile set, falling back to 1 default profile: "default"
2024-05-04T16:46:31.916+09:00  INFO 7137 --- [likelion] [    Test worker] com.example.likelion.BeanTest            : Started BeanTest in 0.923 seconds (process running for 1.74)
beanConfig = com.example.likelion.week2.spring.BeanConfig$$SpringCGLIB$$0@da09250
]]></system-out>
  <system-err><![CDATA[]]></system-err>
</testsuite>
